m:\qtconnect\uschat\debug\qrc_uschat.obj
m:\qtconnect\uschat\debug\moc_uschat.obj
m:\qtconnect\uschat\debug\main.obj
m:\qtconnect\uschat\debug\uschat.obj
m:\qtconnect\uschat\debug\vc142.pdb
m:\qtconnect\uschat\debug\uschat.exe
m:\qtconnect\uschat\debug\uschat.ilk
m:\qtconnect\uschat\debug\uschat.pdb
m:\qtconnect\uschat\debug\\moc\moc_uschat.cpp
m:\qtconnect\uschat\debug\\rcc\qrc_uschat.cpp
m:\qtconnect\uschat\debug\\uic\ui_uschat.h
m:\qtconnect\uschat\debug\uic\ui_uschat.h
m:\qtconnect\uschat\debug\rcc\qrc_uschat.cpp
m:\qtconnect\uschat\debug\moc\moc_uschat.cpp
m:\qtconnect\uschat\debug\uschat.tlog\cl.command.1.tlog
m:\qtconnect\uschat\debug\uschat.tlog\cl.read.1.tlog
m:\qtconnect\uschat\debug\uschat.tlog\cl.write.1.tlog
m:\qtconnect\uschat\debug\uschat.tlog\link.command.1.tlog
m:\qtconnect\uschat\debug\uschat.tlog\link.read.1.tlog
m:\qtconnect\uschat\debug\uschat.tlog\link.write.1.tlog
m:\qtconnect\uschat\debug\uschat.tlog\moc.read.1u.tlog
m:\qtconnect\uschat\debug\uschat.tlog\moc.write.1u.tlog
m:\qtconnect\uschat\debug\uschat.tlog\rcc.read.1u.tlog
m:\qtconnect\uschat\debug\uschat.tlog\rcc.write.1u.tlog
m:\qtconnect\uschat\debug\uschat.tlog\uic.read.1u.tlog
m:\qtconnect\uschat\debug\uschat.tlog\uic.write.1u.tlog
m:\qtconnect\uschat\debug\uschat.tlog\uschat.write.1u.tlog
