m:\qtconnect\uschat\release\moc_uschat.obj
m:\qtconnect\uschat\release\qrc_uschat.obj
m:\qtconnect\uschat\release\uschat.obj
m:\qtconnect\uschat\release\main.obj
m:\qtconnect\uschat\release\fileutils.obj
m:\qtconnect\uschat\release\encryptutils.obj
m:\qtconnect\uschat\release\uschat.exe
m:\qtconnect\uschat\release\\moc\moc_uschat.cpp
m:\qtconnect\uschat\release\\rcc\qrc_uschat.cpp
m:\qtconnect\uschat\release\\uic\ui_uschat.h
m:\qtconnect\uschat\release\uic\ui_uschat.h
m:\qtconnect\uschat\release\rcc\qrc_uschat.cpp
m:\qtconnect\uschat\release\moc\moc_uschat.cpp
m:\qtconnect\uschat\release\uschat.tlog\cl.command.1.tlog
m:\qtconnect\uschat\release\uschat.tlog\cl.read.1.tlog
m:\qtconnect\uschat\release\uschat.tlog\cl.write.1.tlog
m:\qtconnect\uschat\release\uschat.tlog\link.command.1.tlog
m:\qtconnect\uschat\release\uschat.tlog\link.read.1.tlog
m:\qtconnect\uschat\release\uschat.tlog\link.write.1.tlog
m:\qtconnect\uschat\release\uschat.tlog\moc.read.1u.tlog
m:\qtconnect\uschat\release\uschat.tlog\moc.write.1u.tlog
m:\qtconnect\uschat\release\uschat.tlog\rcc.read.1u.tlog
m:\qtconnect\uschat\release\uschat.tlog\rcc.write.1u.tlog
m:\qtconnect\uschat\release\uschat.tlog\uic.read.1u.tlog
m:\qtconnect\uschat\release\uschat.tlog\uic.write.1u.tlog
m:\qtconnect\uschat\release\uschat.tlog\uschat.write.1u.tlog
